<?xml version="1.0" encoding="UTF-8"?>
<testng-results skipped="0" failed="0" ignored="0" total="2" passed="2">
  <reporter-output>
    <line>
      <![CDATA[Muthu]]>
    </line>
  </reporter-output>
  <suite name="GmailMission" duration-ms="33703" started-at="2019-10-07T01:29:22Z" finished-at="2019-10-07T01:29:55Z">
    <groups>
    </groups>
    <test name="Regression suite 1" duration-ms="33703" started-at="2019-10-07T01:29:22Z" finished-at="2019-10-07T01:29:55Z">
      <class name="Muthu.Test.GmailFunctionality">
        <test-method status="PASS" signature="beforeClass(java.lang.String)[pri:0, instance:Muthu.Test.GmailFunctionality@4dfa3a9d]" name="beforeClass" is-config="true" duration-ms="12030" started-at="2019-10-07T01:29:22Z" finished-at="2019-10-07T01:29:34Z">
          <params>
            <param index="0">
              <value>
                <![CDATA[chrome]]>
              </value>
            </param>
          </params>
          <reporter-output>
          </reporter-output>
        </test-method> <!-- beforeClass -->
        <test-method status="PASS" signature="Login()[pri:0, instance:Muthu.Test.GmailFunctionality@4dfa3a9d]" name="Login" duration-ms="3518" started-at="2019-10-07T01:29:34Z" finished-at="2019-10-07T01:29:37Z">
          <reporter-output>
            <line>
              <![CDATA[Muthu]]>
            </line>
          </reporter-output>
        </test-method> <!-- Login -->
        <test-method status="PASS" signature="PostLogin()[pri:0, instance:Muthu.Test.GmailFunctionality@4dfa3a9d]" name="PostLogin" duration-ms="17142" started-at="2019-10-07T01:29:37Z" finished-at="2019-10-07T01:29:54Z">
          <reporter-output>
          </reporter-output>
        </test-method> <!-- PostLogin -->
        <test-method status="PASS" signature="afterClass()[pri:0, instance:Muthu.Test.GmailFunctionality@4dfa3a9d]" name="afterClass" is-config="true" duration-ms="973" started-at="2019-10-07T01:29:54Z" finished-at="2019-10-07T01:29:55Z">
          <reporter-output>
          </reporter-output>
        </test-method> <!-- afterClass -->
      </class> <!-- Muthu.Test.GmailFunctionality -->
    </test> <!-- Regression suite 1 -->
  </suite> <!-- GmailMission -->
</testng-results>
